<?xml version="1.0" encoding="UTF-8"?>
<testng-results skipped="0" failed="0" ignored="0" total="1" passed="1">
  <reporter-output>
  </reporter-output>
  <suite name="Default suite" duration-ms="16290" started-at="2017-06-27T06:30:36Z" finished-at="2017-06-27T06:30:53Z">
    <groups>
    </groups>
    <test name="Default test" duration-ms="16290" started-at="2017-06-27T06:30:36Z" finished-at="2017-06-27T06:30:53Z">
      <class name="test.DraftTest">
        <test-method status="PASS" signature="beforeTest()[pri:0, instance:test.DraftTest@53b32d7]" name="beforeTest" is-config="true" duration-ms="2365" started-at="2017-06-27T09:30:36Z" finished-at="2017-06-27T09:30:39Z">
          <reporter-output>
          </reporter-output>
        </test-method> <!-- beforeTest -->
        <test-method status="PASS" signature="draftMail()[pri:0, instance:test.DraftTest@53b32d7]" name="draftMail" duration-ms="13609" started-at="2017-06-27T09:30:39Z" finished-at="2017-06-27T09:30:52Z">
          <reporter-output>
          </reporter-output>
        </test-method> <!-- draftMail -->
        <test-method status="PASS" signature="afterTest()[pri:0, instance:test.DraftTest@53b32d7]" name="afterTest" is-config="true" duration-ms="297" started-at="2017-06-27T09:30:52Z" finished-at="2017-06-27T09:30:53Z">
          <reporter-output>
          </reporter-output>
        </test-method> <!-- afterTest -->
      </class> <!-- test.DraftTest -->
    </test> <!-- Default test -->
  </suite> <!-- Default suite -->
</testng-results>
